  Assembling event.asm...
event.asm(314): warning A6004: procedure argument or local not referenced : @s2
event.asm(314): warning A6004: procedure argument or local not referenced : @End
event.asm(314): warning A6004: procedure argument or local not referenced : @Center
event.asm(704): warning A6004: procedure argument or local not referenced : @vlen
event.asm(704): warning A6004: procedure argument or local not referenced : @hlen
event.asm(704): warning A6004: procedure argument or local not referenced : @s1
event.asm(704): warning A6004: procedure argument or local not referenced : @s2
event.asm(1385): warning A6004: procedure argument or local not referenced : @scrPos
event.asm(1385): warning A6004: procedure argument or local not referenced : @test
event.asm(1442): warning A6004: procedure argument or local not referenced : _hWnd
event.asm(1442): warning A6004: procedure argument or local not referenced : @OldBrush
event.asm(1451): warning A6004: procedure argument or local not referenced : _hWnd
event.asm(1451): warning A6004: procedure argument or local not referenced : _hDC
event.asm(1451): warning A6004: procedure argument or local not referenced : @OldBrush
event.asm(1451): warning A6004: procedure argument or local not referenced : @OldPen
event.asm(1532): warning A6004: procedure argument or local not referenced : _hWnd
event.asm(1532): warning A6004: procedure argument or local not referenced : @OldPen
event.asm(1550): warning A6004: procedure argument or local not referenced : _hWnd
event.asm(1598): warning A6004: procedure argument or local not referenced : _hWnd
event.asm(1665): warning A6004: procedure argument or local not referenced : _hWnd
  Glops.vcxproj -> C:\Users\MasterYoda117\Desktop\Glops\Debug\Glops.exe
